Using pre-set license
Built from '2020.2/release' branch; Version is '2020.2.4f1 (becced5a802b) revision 12504301'; Using compiler version '192528614'; Build Type 'Release'
OS: 'Windows 10 Pro; OS build 19042.804; Version 2009; 64bit' Language: 'es' Physical Memory: 16300 MB
BatchMode: 1, IsHumanControllingUs: 0, StartBugReporterOnCrash: 0, Is64bit: 1, IsPro: 0

 COMMAND LINE ARGUMENTS:
D:\Unity Editor\2020.2.4f1\Editor\Unity.exe
-adb2
-batchMode
-noUpm
-name
AssetImportWorker1
-projectPath
C:/Users/Usuario/Documents/Developer/Unity/Personal/TheAliProject
-logFile
Logs/AssetImportWorker1.log
-srvPort
62187
Successfully changed project path to: C:/Users/Usuario/Documents/Developer/Unity/Personal/TheAliProject
C:/Users/Usuario/Documents/Developer/Unity/Personal/TheAliProject
Using Asset Import Pipeline V2.
Refreshing native plugins compatible for Editor in 52.56 ms, found 1 plugins.
Preloading 0 native plugins for Editor in 0.00 ms.
Initialize engine version: 2020.2.4f1 (becced5a802b)
[Subsystems] Discovering subsystems at path D:/Unity Editor/2020.2.4f1/Editor/Data/Resources/UnitySubsystems
[Subsystems] Discovering subsystems at path C:/Users/Usuario/Documents/Developer/Unity/Personal/TheAliProject/Assets
GfxDevice: creating device client; threaded=0
Direct3D:
    Version:  Direct3D 11.0 [level 11.1]
    Renderer: NVIDIA GeForce GTX 1080 (ID=0x1be0)
    Vendor:   
    VRAM:     8079 MB
    Driver:   27.21.14.6140
Shader 'Universal Render Pipeline/Particles/Lit': fallback shader 'Universal Render Pipeline/Particles/SimpleLit' not found
Initialize mono
Mono path[0] = 'D:/Unity Editor/2020.2.4f1/Editor/Data/Managed'
Mono path[1] = 'D:/Unity Editor/2020.2.4f1/Editor/Data/MonoBleedingEdge/lib/mono/unityjit'
Mono config path = 'D:/Unity Editor/2020.2.4f1/Editor/Data/MonoBleedingEdge/etc'
Using monoOptions --debugger-agent=transport=dt_socket,embedding=1,server=y,suspend=n,address=127.0.0.1:56492
Begin MonoManager ReloadAssembly
Registering precompiled unity dll's ...
Register platform support module: D:/Unity Editor/2020.2.4f1/Editor/Data/PlaybackEngines/WindowsStandaloneSupport/UnityEditor.WindowsStandalone.Extensions.dll
Registered in 0.001271 seconds.
Native extension for WindowsStandalone target not found
Refreshing native plugins compatible for Editor in 51.41 ms, found 1 plugins.
Preloading 0 native plugins for Editor in 0.00 ms.
Invoked RoslynAnalysisRunner static constructor.
RoslynAnalysisRunner will not be running.
RoslynAnalysisRunner has terminated.
Mono: successfully reloaded assembly
- Completed reload, in  1.148 seconds
Platform modules already initialized, skipping
Registering precompiled user dll's ...
Registered in 0.001951 seconds.
Begin MonoManager ReloadAssembly
Native extension for WindowsStandalone target not found
Refreshing native plugins compatible for Editor in 53.68 ms, found 1 plugins.
Preloading 0 native plugins for Editor in 0.00 ms.
Invoked RoslynAnalysisRunner static constructor.
RoslynAnalysisRunner will not be running.
RoslynAnalysisRunner has terminated.
Mono: successfully reloaded assembly
- Completed reload, in  1.058 seconds
Platform modules already initialized, skipping
========================================================================
Worker process is ready to serve import requests
Shader 'Universal Render Pipeline/Particles/Lit': fallback shader 'Universal Render Pipeline/Particles/SimpleLit' not found
Launched and connected shader compiler UnityShaderCompiler.exe after 0.05 seconds
Refreshing native plugins compatible for Editor in 0.49 ms, found 1 plugins.
Preloading 0 native plugins for Editor in 0.00 ms.
Unloading 3079 Unused Serialized files (Serialized files now loaded: 0)
System memory in use before: 146.9 MB.
System memory in use after: 147.1 MB.

Unloading 19 unused Assets to reduce memory usage. Loaded Objects now: 3550.
Total: 2.188000 ms (FindLiveObjects: 0.296400 ms CreateObjectMapping: 0.140700 ms MarkObjects: 1.727800 ms  DeleteObjects: 0.022300 ms)

========================================================================
Received Import Request.
  path: Assets/Audio/Fart sound effect.mp3
  artifactKey: Guid(fdac11f7004e62f4f8325f2486b85244) Importer(815301076,1909f56bfc062723c751e8b465ee728b)
Start importing Assets/Audio/Fart sound effect.mp3 using Guid(fdac11f7004e62f4f8325f2486b85244) Importer(815301076,1909f56bfc062723c751e8b465ee728b)  -> (artifact id: '2289e03b8f027f14d38651ac4351c225') in 0.391824 seconds
  Import took 0.397248 seconds .

========================================================================
Received Prepare
Registering precompiled user dll's ...
Registered in 0.001579 seconds.
Begin MonoManager ReloadAssembly
Native extension for WindowsStandalone target not found
Refreshing native plugins compatible for Editor in 0.52 ms, found 1 plugins.
Preloading 0 native plugins for Editor in 0.00 ms.
Invoked RoslynAnalysisRunner static constructor.
RoslynAnalysisRunner will not be running.
RoslynAnalysisRunner has terminated.
Mono: successfully reloaded assembly
- Completed reload, in  0.900 seconds
Platform modules already initialized, skipping
Shader 'Universal Render Pipeline/Particles/Lit': fallback shader 'Universal Render Pipeline/Particles/SimpleLit' not found
Refreshing native plugins compatible for Editor in 0.50 ms, found 1 plugins.
Preloading 0 native plugins for Editor in 0.00 ms.
Unloading 2949 Unused Serialized files (Serialized files now loaded: 0)
System memory in use before: 142.4 MB.
System memory in use after: 142.7 MB.

Unloading 9 unused Assets to reduce memory usage. Loaded Objects now: 3561.
Total: 3.193100 ms (FindLiveObjects: 0.300900 ms CreateObjectMapping: 0.118900 ms MarkObjects: 2.756200 ms  DeleteObjects: 0.016000 ms)

========================================================================
Received Prepare
Registering precompiled user dll's ...
Registered in 0.001831 seconds.
Begin MonoManager ReloadAssembly
Native extension for WindowsStandalone target not found
Refreshing native plugins compatible for Editor in 0.52 ms, found 1 plugins.
Preloading 0 native plugins for Editor in 0.00 ms.
Invoked RoslynAnalysisRunner static constructor.
RoslynAnalysisRunner will not be running.
RoslynAnalysisRunner has terminated.
Mono: successfully reloaded assembly
- Completed reload, in  0.916 seconds
Platform modules already initialized, skipping
Shader 'Universal Render Pipeline/Particles/Lit': fallback shader 'Universal Render Pipeline/Particles/SimpleLit' not found
Refreshing native plugins compatible for Editor in 0.48 ms, found 1 plugins.
Preloading 0 native plugins for Editor in 0.00 ms.
Unloading 2949 Unused Serialized files (Serialized files now loaded: 0)
System memory in use before: 142.5 MB.
System memory in use after: 142.7 MB.

Unloading 9 unused Assets to reduce memory usage. Loaded Objects now: 3563.
Total: 3.030700 ms (FindLiveObjects: 0.317600 ms CreateObjectMapping: 0.165800 ms MarkObjects: 2.527500 ms  DeleteObjects: 0.018700 ms)

========================================================================
Received Prepare
Registering precompiled user dll's ...
Registered in 0.002044 seconds.
Begin MonoManager ReloadAssembly
Native extension for WindowsStandalone target not found
Refreshing native plugins compatible for Editor in 0.48 ms, found 1 plugins.
Preloading 0 native plugins for Editor in 0.00 ms.
Invoked RoslynAnalysisRunner static constructor.
RoslynAnalysisRunner will not be running.
RoslynAnalysisRunner has terminated.
Mono: successfully reloaded assembly
- Completed reload, in  0.966 seconds
Platform modules already initialized, skipping
Shader 'Universal Render Pipeline/Particles/Lit': fallback shader 'Universal Render Pipeline/Particles/SimpleLit' not found
Refreshing native plugins compatible for Editor in 0.50 ms, found 1 plugins.
Preloading 0 native plugins for Editor in 0.00 ms.
Unloading 2949 Unused Serialized files (Serialized files now loaded: 0)
System memory in use before: 142.5 MB.
System memory in use after: 142.8 MB.

Unloading 9 unused Assets to reduce memory usage. Loaded Objects now: 3565.
Total: 3.220800 ms (FindLiveObjects: 0.325900 ms CreateObjectMapping: 0.143900 ms MarkObjects: 2.731900 ms  DeleteObjects: 0.018000 ms)

========================================================================
Received Import Request.
  Time since last request: 109.406516 seconds.
  path: Assets/Audio/Fart.mp3
  artifactKey: Guid(fdac11f7004e62f4f8325f2486b85244) Importer(815301076,1909f56bfc062723c751e8b465ee728b)
Start importing Assets/Audio/Fart.mp3 using Guid(fdac11f7004e62f4f8325f2486b85244) Importer(815301076,1909f56bfc062723c751e8b465ee728b)  -> (artifact id: '0623b9c21ecbc4ba1ceffa7b530224b1') in 0.044287 seconds
  Import took 0.048972 seconds .

========================================================================
Received Import Request.
  Time since last request: 80.083685 seconds.
  path: Assets/Prefabs/Ali.prefab
  artifactKey: Guid(99232e27747c85642951c94c9517d7a9) Importer(815301076,1909f56bfc062723c751e8b465ee728b)
Start importing Assets/Prefabs/Ali.prefab using Guid(99232e27747c85642951c94c9517d7a9) Importer(815301076,1909f56bfc062723c751e8b465ee728b)  -> (artifact id: '9c4c3296973ef643d0d575bbe3a49f8c') in 0.138864 seconds
  Import took 0.144802 seconds .

========================================================================
Received Import Request.
  Time since last request: 5.378742 seconds.
  path: Assets/Prefabs/Particle Systems/Fart Particle System.prefab
  artifactKey: Guid(a9547aadd73398b41ba77096ac8ae620) Importer(815301076,1909f56bfc062723c751e8b465ee728b)
Start importing Assets/Prefabs/Particle Systems/Fart Particle System.prefab using Guid(a9547aadd73398b41ba77096ac8ae620) Importer(815301076,1909f56bfc062723c751e8b465ee728b)  -> (artifact id: '87b701ef4a906950cc51b9d3eb6cd5a1') in 0.005013 seconds
  Import took 0.010484 seconds .

========================================================================
Received Import Request.
  Time since last request: 0.002499 seconds.
  path: Assets/Prefabs/Particle Systems/Fart Particle System.prefab
  artifactKey: Guid(a9547aadd73398b41ba77096ac8ae620) Importer(815301076,1909f56bfc062723c751e8b465ee728b)
Start importing Assets/Prefabs/Particle Systems/Fart Particle System.prefab using Guid(a9547aadd73398b41ba77096ac8ae620) Importer(815301076,1909f56bfc062723c751e8b465ee728b)  -> (artifact id: '87b701ef4a906950cc51b9d3eb6cd5a1') in 0.005201 seconds
  Import took 0.010622 seconds .

========================================================================
Received Prepare
Registering precompiled user dll's ...
Registered in 0.001563 seconds.
Begin MonoManager ReloadAssembly
Native extension for WindowsStandalone target not found
Refreshing native plugins compatible for Editor in 0.57 ms, found 1 plugins.
Preloading 0 native plugins for Editor in 0.00 ms.
Invoked RoslynAnalysisRunner static constructor.
RoslynAnalysisRunner will not be running.
RoslynAnalysisRunner has terminated.
Mono: successfully reloaded assembly
- Completed reload, in  0.903 seconds
Platform modules already initialized, skipping
Shader 'Universal Render Pipeline/Particles/Lit': fallback shader 'Universal Render Pipeline/Particles/SimpleLit' not found
Refreshing native plugins compatible for Editor in 0.48 ms, found 1 plugins.
Preloading 0 native plugins for Editor in 0.00 ms.
Unloading 2949 Unused Serialized files (Serialized files now loaded: 0)
System memory in use before: 144.8 MB.
System memory in use after: 145.0 MB.

Unloading 9 unused Assets to reduce memory usage. Loaded Objects now: 3606.
Total: 3.393200 ms (FindLiveObjects: 0.363300 ms CreateObjectMapping: 0.155900 ms MarkObjects: 2.857200 ms  DeleteObjects: 0.015700 ms)

========================================================================
Received Import Request.
  Time since last request: 10.833103 seconds.
  path: Assets/Prefabs/Particle Systems/Fart Particle System.prefab
  artifactKey: Guid(a9547aadd73398b41ba77096ac8ae620) Importer(815301076,1909f56bfc062723c751e8b465ee728b)
Start importing Assets/Prefabs/Particle Systems/Fart Particle System.prefab using Guid(a9547aadd73398b41ba77096ac8ae620) Importer(815301076,1909f56bfc062723c751e8b465ee728b)  -> (artifact id: 'd8ae3b04d8647eac12fa2c80196b4121') in 0.023861 seconds
  Import took 0.028799 seconds .

========================================================================
Received Prepare
Registering precompiled user dll's ...
Registered in 0.001634 seconds.
Begin MonoManager ReloadAssembly
Native extension for WindowsStandalone target not found
Refreshing native plugins compatible for Editor in 0.49 ms, found 1 plugins.
Preloading 0 native plugins for Editor in 0.00 ms.
Invoked RoslynAnalysisRunner static constructor.
RoslynAnalysisRunner will not be running.
RoslynAnalysisRunner has terminated.
Mono: successfully reloaded assembly
- Completed reload, in  0.921 seconds
Platform modules already initialized, skipping
Shader 'Universal Render Pipeline/Particles/Lit': fallback shader 'Universal Render Pipeline/Particles/SimpleLit' not found
Refreshing native plugins compatible for Editor in 0.61 ms, found 1 plugins.
Preloading 0 native plugins for Editor in 0.00 ms.
Unloading 2949 Unused Serialized files (Serialized files now loaded: 0)
System memory in use before: 144.8 MB.
System memory in use after: 145.0 MB.

Unloading 9 unused Assets to reduce memory usage. Loaded Objects now: 3608.
Total: 3.341000 ms (FindLiveObjects: 0.318700 ms CreateObjectMapping: 0.176700 ms MarkObjects: 2.826200 ms  DeleteObjects: 0.018400 ms)

========================================================================
Received Prepare
Shader 'Universal Render Pipeline/Particles/Lit': fallback shader 'Universal Render Pipeline/Particles/SimpleLit' not found
Refreshing native plugins compatible for Editor in 1.77 ms, found 1 plugins.
Preloading 0 native plugins for Editor in 0.00 ms.
Unloading 5 Unused Serialized files (Serialized files now loaded: 0)
System memory in use before: 86.6 MB.
System memory in use after: 86.9 MB.

Unloading 5 unused Assets to reduce memory usage. Loaded Objects now: 3608.
Total: 2.576600 ms (FindLiveObjects: 0.295000 ms CreateObjectMapping: 0.128900 ms MarkObjects: 2.138000 ms  DeleteObjects: 0.013400 ms)

AssetImportWorkerClient::OnTransportError - code=2 error=End of file
